{"/Users/mr.luo/Desktop/PersonallyProject/NewApp/bestway/src/assets/js/rem.js": {"path":"/Users/mr.luo/Desktop/PersonallyProject/NewApp/bestway/src/assets/js/rem.js","statementMap":{"0":{"start":{"line":1,"column":0},"end":{"line":null,"column":-1}},"1":{"start":{"line":2,"column":14},"end":{"line":2,"column":4}},"2":{"start":{"line":3,"column":16},"end":{"line":3,"column":4}},"3":{"start":{"line":4,"column":17},"end":{"line":4,"column":4}},"4":{"start":{"line":5,"column":21},"end":{"line":5,"column":4}},"5":{"start":{"line":6,"column":14},"end":{"line":6,"column":4}},"6":{"start":{"line":7,"column":16},"end":{"line":7,"column":4}},"7":{"start":{"line":9,"column":19},"end":{"line":9,"column":4}},"8":{"start":{"line":10,"column":4},"end":{"line":33,"column":5}},"9":{"start":{"line":11,"column":8},"end":{"line":null,"column":-1}},"10":{"start":{"line":12,"column":20},"end":{"line":12,"column":8}},"11":{"start":{"line":13,"column":8},"end":{"line":16,"column":9}},"12":{"start":{"line":14,"column":12},"end":{"line":null,"column":-1}},"13":{"start":{"line":15,"column":12},"end":{"line":null,"column":-1}},"14":{"start":{"line":18,"column":8},"end":{"line":32,"column":9}},"15":{"start":{"line":19,"column":26},"end":{"line":19,"column":12}},"16":{"start":{"line":20,"column":12},"end":{"line":31,"column":13}},"17":{"start":{"line":21,"column":33},"end":{"line":21,"column":16}},"18":{"start":{"line":22,"column":33},"end":{"line":22,"column":16}},"19":{"start":{"line":23,"column":16},"end":{"line":26,"column":17}},"20":{"start":{"line":24,"column":20},"end":{"line":null,"column":-1}},"21":{"start":{"line":25,"column":20},"end":{"line":null,"column":-1}},"22":{"start":{"line":27,"column":16},"end":{"line":30,"column":17}},"23":{"start":{"line":28,"column":20},"end":{"line":null,"column":-1}},"24":{"start":{"line":29,"column":20},"end":{"line":null,"column":-1}},"25":{"start":{"line":34,"column":4},"end":{"line":52,"column":5}},"26":{"start":{"line":35,"column":24},"end":{"line":35,"column":8}},"27":{"start":{"line":36,"column":23},"end":{"line":36,"column":8}},"28":{"start":{"line":37,"column":31},"end":{"line":37,"column":8}},"29":{"start":{"line":38,"column":8},"end":{"line":50,"column":9}},"30":{"start":{"line":39,"column":12},"end":{"line":47,"column":13}},"31":{"start":{"line":40,"column":16},"end":{"line":null,"column":-1}},"32":{"start":{"line":42,"column":16},"end":{"line":46,"column":17}},"33":{"start":{"line":43,"column":20},"end":{"line":null,"column":-1}},"34":{"start":{"line":45,"column":20},"end":{"line":null,"column":-1}},"35":{"start":{"line":49,"column":12},"end":{"line":null,"column":-1}},"36":{"start":{"line":51,"column":8},"end":{"line":null,"column":-1}},"37":{"start":{"line":53,"column":4},"end":{"line":null,"column":-1}},"38":{"start":{"line":54,"column":4},"end":{"line":65,"column":5}},"39":{"start":{"line":55,"column":8},"end":{"line":null,"column":-1}},"40":{"start":{"line":56,"column":8},"end":{"line":null,"column":-1}},"41":{"start":{"line":57,"column":8},"end":{"line":null,"column":-1}},"42":{"start":{"line":58,"column":8},"end":{"line":64,"column":9}},"43":{"start":{"line":59,"column":12},"end":{"line":null,"column":-1}},"44":{"start":{"line":61,"column":23},"end":{"line":61,"column":12}},"45":{"start":{"line":62,"column":12},"end":{"line":null,"column":-1}},"46":{"start":{"line":63,"column":12},"end":{"line":null,"column":-1}},"47":{"start":{"line":67,"column":20},"end":{"line":67,"column":8}},"48":{"start":{"line":68,"column":8},"end":{"line":70,"column":9}},"49":{"start":{"line":69,"column":12},"end":{"line":null,"column":-1}},"50":{"start":{"line":71,"column":18},"end":{"line":71,"column":8}},"51":{"start":{"line":72,"column":8},"end":{"line":null,"column":-1}},"52":{"start":{"line":73,"column":8},"end":{"line":null,"column":-1}},"53":{"start":{"line":75,"column":4},"end":{"line":null,"column":-1}},"54":{"start":{"line":77,"column":8},"end":{"line":null,"column":-1}},"55":{"start":{"line":78,"column":8},"end":{"line":null,"column":-1}},"56":{"start":{"line":81,"column":4},"end":{"line":null,"column":-1}},"57":{"start":{"line":83,"column":8},"end":{"line":86,"column":9}},"58":{"start":{"line":84,"column":12},"end":{"line":null,"column":-1}},"59":{"start":{"line":85,"column":12},"end":{"line":null,"column":-1}},"60":{"start":{"line":89,"column":4},"end":{"line":97,"column":5}},"61":{"start":{"line":90,"column":8},"end":{"line":null,"column":-1}},"62":{"start":{"line":92,"column":8},"end":{"line":null,"column":-1}},"63":{"start":{"line":94,"column":12},"end":{"line":null,"column":-1}},"64":{"start":{"line":98,"column":4},"end":{"line":null,"column":-1}},"65":{"start":{"line":99,"column":4},"end":{"line":null,"column":-1}},"66":{"start":{"line":100,"column":4},"end":{"line":null,"column":-1}},"67":{"start":{"line":101,"column":4},"end":{"line":null,"column":-1}},"68":{"start":{"line":102,"column":18},"end":{"line":102,"column":8}},"69":{"start":{"line":103,"column":8},"end":{"line":105,"column":9}},"70":{"start":{"line":104,"column":12},"end":{"line":null,"column":-1}},"71":{"start":{"line":106,"column":8},"end":{"line":null,"column":-1}},"72":{"start":{"line":108,"column":4},"end":{"line":null,"column":-1}},"73":{"start":{"line":109,"column":18},"end":{"line":109,"column":8}},"74":{"start":{"line":110,"column":8},"end":{"line":112,"column":9}},"75":{"start":{"line":111,"column":12},"end":{"line":null,"column":-1}},"76":{"start":{"line":113,"column":8},"end":{"line":null,"column":-1}},"77":{"start":{"line":117,"column":0},"end":{"line":null,"column":-1}},"78":{"start":{"line":119,"column":8},"end":{"line":null,"column":-1}},"79":{"start":{"line":121,"column":10},"end":{"line":null,"column":-1}},"80":{"start":{"line":124,"column":8},"end":{"line":null,"column":-1}},"81":{"start":{"line":125,"column":12},"end":{"line":null,"column":-1}},"82":{"start":{"line":128,"column":4},"end":{"line":134,"column":5}},"83":{"start":{"line":129,"column":8},"end":{"line":null,"column":-1}},"84":{"start":{"line":130,"column":12},"end":{"line":null,"column":-1}},"85":{"start":{"line":133,"column":8},"end":{"line":null,"column":-1}}},"fnMap":{"0":{"name":"(anonymous_0)","decl":{"start":{"line":1,"column":1},"end":{"line":1,"column":9}},"loc":{"start":{"line":1,"column":20},"end":{"line":1,"column":0}}},"1":{"name":"refreshRem","decl":{"start":{"line":66,"column":13},"end":{"line":66,"column":4}},"loc":{"start":{"line":66,"column":26},"end":{"line":74,"column":5}}},"2":{"name":"(anonymous_2)","decl":{"start":{"line":76,"column":4},"end":{"line":76,"column":14}},"loc":{"start":{"line":76,"column":15},"end":{"line":75,"column":4}}},"3":{"name":"(anonymous_3)","decl":{"start":{"line":82,"column":4},"end":{"line":82,"column":12}},"loc":{"start":{"line":82,"column":16},"end":{"line":81,"column":4}}},"4":{"name":"(anonymous_4)","decl":{"start":{"line":93,"column":8},"end":{"line":93,"column":16}},"loc":{"start":{"line":93,"column":20},"end":{"line":92,"column":8}}},"5":{"name":"(anonymous_5)","decl":{"start":{"line":101,"column":22},"end":{"line":101,"column":30}},"loc":{"start":{"line":101,"column":34},"end":{"line":101,"column":4}}},"6":{"name":"(anonymous_6)","decl":{"start":{"line":108,"column":22},"end":{"line":108,"column":30}},"loc":{"start":{"line":108,"column":34},"end":{"line":108,"column":4}}},"7":{"name":"(anonymous_7)","decl":{"start":{"line":117,"column":1},"end":{"line":117,"column":10}},"loc":{"start":{"line":117,"column":11},"end":{"line":117,"column":0}}},"8":{"name":"resetFontSize","decl":{"start":{"line":118,"column":13},"end":{"line":118,"column":4}},"loc":{"start":{"line":118,"column":30},"end":{"line":127,"column":5}}},"9":{"name":"(anonymous_9)","decl":{"start":{"line":119,"column":19},"end":{"line":119,"column":28}},"loc":{"start":{"line":119,"column":29},"end":{"line":119,"column":8}}},"10":{"name":"(anonymous_10)","decl":{"start":{"line":124,"column":42},"end":{"line":124,"column":53}},"loc":{"start":{"line":124,"column":54},"end":{"line":124,"column":8}}},"11":{"name":"(anonymous_11)","decl":{"start":{"line":129,"column":57},"end":{"line":129,"column":66}},"loc":{"start":{"line":129,"column":70},"end":{"line":129,"column":8}}}},"branchMap":{"0":{"loc":{"start":{"line":9,"column":19},"end":{"line":9,"column":18}},"type":"binary-expr","locations":[{"start":{"line":9,"column":19},"end":{"line":9,"column":18}},{"start":{"line":9,"column":36},"end":{"line":9,"column":19}}]},"1":{"loc":{"start":{"line":10,"column":4},"end":{"line":33,"column":5}},"type":"if","locations":[{"start":{"line":10,"column":4},"end":{"line":33,"column":5}},{"start":{"line":10,"column":4},"end":{"line":33,"column":5}}]},"2":{"loc":{"start":{"line":13,"column":8},"end":{"line":16,"column":9}},"type":"if","locations":[{"start":{"line":13,"column":8},"end":{"line":16,"column":9}},{"start":{"line":13,"column":8},"end":{"line":16,"column":9}}]},"3":{"loc":{"start":{"line":18,"column":8},"end":{"line":32,"column":9}},"type":"if","locations":[{"start":{"line":18,"column":8},"end":{"line":32,"column":9}},{"start":{"line":18,"column":8},"end":{"line":32,"column":9}}]},"4":{"loc":{"start":{"line":20,"column":12},"end":{"line":31,"column":13}},"type":"if","locations":[{"start":{"line":20,"column":12},"end":{"line":31,"column":13}},{"start":{"line":20,"column":12},"end":{"line":31,"column":13}}]},"5":{"loc":{"start":{"line":23,"column":16},"end":{"line":26,"column":17}},"type":"if","locations":[{"start":{"line":23,"column":16},"end":{"line":26,"column":17}},{"start":{"line":23,"column":16},"end":{"line":26,"column":17}}]},"6":{"loc":{"start":{"line":27,"column":16},"end":{"line":30,"column":17}},"type":"if","locations":[{"start":{"line":27,"column":16},"end":{"line":30,"column":17}},{"start":{"line":27,"column":16},"end":{"line":30,"column":17}}]},"7":{"loc":{"start":{"line":34,"column":4},"end":{"line":52,"column":5}},"type":"if","locations":[{"start":{"line":34,"column":4},"end":{"line":52,"column":5}},{"start":{"line":34,"column":4},"end":{"line":52,"column":5}}]},"8":{"loc":{"start":{"line":34,"column":8},"end":{"line":34,"column":7}},"type":"binary-expr","locations":[{"start":{"line":34,"column":8},"end":{"line":34,"column":7}},{"start":{"line":34,"column":16},"end":{"line":34,"column":4}}]},"9":{"loc":{"start":{"line":38,"column":8},"end":{"line":50,"column":9}},"type":"if","locations":[{"start":{"line":38,"column":8},"end":{"line":50,"column":9}},{"start":{"line":38,"column":8},"end":{"line":50,"column":9}}]},"10":{"loc":{"start":{"line":39,"column":12},"end":{"line":47,"column":13}},"type":"if","locations":[{"start":{"line":39,"column":12},"end":{"line":47,"column":13}},{"start":{"line":39,"column":12},"end":{"line":47,"column":13}}]},"11":{"loc":{"start":{"line":39,"column":16},"end":{"line":39,"column":15}},"type":"binary-expr","locations":[{"start":{"line":39,"column":16},"end":{"line":39,"column":15}},{"start":{"line":39,"column":42},"end":{"line":39,"column":41}},{"start":{"line":39,"column":50},"end":{"line":39,"column":16}}]},"12":{"loc":{"start":{"line":42,"column":16},"end":{"line":46,"column":17}},"type":"if","locations":[{"start":{"line":42,"column":16},"end":{"line":46,"column":17}},{"start":{"line":42,"column":16},"end":{"line":46,"column":17}}]},"13":{"loc":{"start":{"line":42,"column":20},"end":{"line":42,"column":19}},"type":"binary-expr","locations":[{"start":{"line":42,"column":20},"end":{"line":42,"column":19}},{"start":{"line":42,"column":46},"end":{"line":42,"column":45}},{"start":{"line":42,"column":54},"end":{"line":42,"column":20}}]},"14":{"loc":{"start":{"line":54,"column":4},"end":{"line":65,"column":5}},"type":"if","locations":[{"start":{"line":54,"column":4},"end":{"line":65,"column":5}},{"start":{"line":54,"column":4},"end":{"line":65,"column":5}}]},"15":{"loc":{"start":{"line":58,"column":8},"end":{"line":64,"column":9}},"type":"if","locations":[{"start":{"line":58,"column":8},"end":{"line":64,"column":9}},{"start":{"line":58,"column":8},"end":{"line":64,"column":9}}]},"16":{"loc":{"start":{"line":68,"column":8},"end":{"line":70,"column":9}},"type":"if","locations":[{"start":{"line":68,"column":8},"end":{"line":70,"column":9}},{"start":{"line":68,"column":8},"end":{"line":70,"column":9}}]},"17":{"loc":{"start":{"line":83,"column":8},"end":{"line":86,"column":9}},"type":"if","locations":[{"start":{"line":83,"column":8},"end":{"line":86,"column":9}},{"start":{"line":83,"column":8},"end":{"line":86,"column":9}}]},"18":{"loc":{"start":{"line":89,"column":4},"end":{"line":97,"column":5}},"type":"if","locations":[{"start":{"line":89,"column":4},"end":{"line":97,"column":5}},{"start":{"line":89,"column":4},"end":{"line":97,"column":5}}]},"19":{"loc":{"start":{"line":103,"column":8},"end":{"line":105,"column":9}},"type":"if","locations":[{"start":{"line":103,"column":8},"end":{"line":105,"column":9}},{"start":{"line":103,"column":8},"end":{"line":105,"column":9}}]},"20":{"loc":{"start":{"line":103,"column":12},"end":{"line":103,"column":11}},"type":"binary-expr","locations":[{"start":{"line":103,"column":12},"end":{"line":103,"column":11}},{"start":{"line":103,"column":37},"end":{"line":103,"column":8}}]},"21":{"loc":{"start":{"line":110,"column":8},"end":{"line":112,"column":9}},"type":"if","locations":[{"start":{"line":110,"column":8},"end":{"line":112,"column":9}},{"start":{"line":110,"column":8},"end":{"line":112,"column":9}}]},"22":{"loc":{"start":{"line":110,"column":12},"end":{"line":110,"column":11}},"type":"binary-expr","locations":[{"start":{"line":110,"column":12},"end":{"line":110,"column":11}},{"start":{"line":110,"column":37},"end":{"line":110,"column":8}}]},"23":{"loc":{"start":{"line":115,"column":11},"end":{"line":115,"column":10}},"type":"binary-expr","locations":[{"start":{"line":115,"column":11},"end":{"line":115,"column":10}},{"start":{"line":115,"column":26},"end":{"line":115,"column":11}}]},"24":{"loc":{"start":{"line":128,"column":4},"end":{"line":134,"column":5}},"type":"if","locations":[{"start":{"line":128,"column":4},"end":{"line":134,"column":5}},{"start":{"line":128,"column":4},"end":{"line":134,"column":5}}]}},"s":{"0":0,"1":0,"2":0,"3":0,"4":0,"5":0,"6":0,"7":0,"8":0,"9":0,"10":0,"11":0,"12":0,"13":0,"14":0,"15":0,"16":0,"17":0,"18":0,"19":0,"20":0,"21":0,"22":0,"23":0,"24":0,"25":0,"26":0,"27":0,"28":0,"29":0,"30":0,"31":0,"32":0,"33":0,"34":0,"35":0,"36":0,"37":0,"38":0,"39":0,"40":0,"41":0,"42":0,"43":0,"44":0,"45":0,"46":0,"47":0,"48":0,"49":0,"50":0,"51":0,"52":0,"53":0,"54":0,"55":0,"56":0,"57":0,"58":0,"59":0,"60":0,"61":0,"62":0,"63":0,"64":0,"65":0,"66":0,"67":0,"68":0,"69":0,"70":0,"71":0,"72":0,"73":0,"74":0,"75":0,"76":0,"77":0,"78":0,"79":0,"80":0,"81":0,"82":0,"83":0,"84":0,"85":0},"f":{"0":0,"1":0,"2":0,"3":0,"4":0,"5":0,"6":0,"7":0,"8":0,"9":0,"10":0,"11":0},"b":{"0":[0,0],"1":[0,0],"2":[0,0],"3":[0,0],"4":[0,0],"5":[0,0],"6":[0,0],"7":[0,0],"8":[0,0],"9":[0,0],"10":[0,0],"11":[0,0,0],"12":[0,0],"13":[0,0,0],"14":[0,0],"15":[0,0],"16":[0,0],"17":[0,0],"18":[0,0],"19":[0,0],"20":[0,0],"21":[0,0],"22":[0,0],"23":[0,0],"24":[0,0]}}
,"/Users/mr.luo/Desktop/PersonallyProject/NewApp/bestway/src/components/art.vue": {"path":"/Users/mr.luo/Desktop/PersonallyProject/NewApp/bestway/src/components/art.vue","statementMap":{"0":{"start":{"line":39,"column":0},"end":{"line":null,"column":-1}}},"fnMap":{"0":{"name":"data","decl":{"start":{"line":38,"column":0},"end":{"line":null,"column":-1}},"loc":{"start":{"line":38,"column":0},"end":{"line":42,"column":0}}}},"branchMap":{},"s":{"0":0},"f":{"0":0},"b":{}}
,"/Users/mr.luo/Desktop/PersonallyProject/NewApp/bestway/src/components/footer-nav.vue": {"path":"/Users/mr.luo/Desktop/PersonallyProject/NewApp/bestway/src/components/footer-nav.vue","statementMap":{"0":{"start":{"line":23,"column":0},"end":{"line":null,"column":-1}}},"fnMap":{"0":{"name":"data","decl":{"start":{"line":22,"column":0},"end":{"line":null,"column":-1}},"loc":{"start":{"line":22,"column":0},"end":{"line":32,"column":0}}}},"branchMap":{},"s":{"0":0},"f":{"0":0},"b":{}}
,"/Users/mr.luo/Desktop/PersonallyProject/NewApp/bestway/src/components/loop.vue": {"path":"/Users/mr.luo/Desktop/PersonallyProject/NewApp/bestway/src/components/loop.vue","statementMap":{"0":{"start":{"line":10,"column":0},"end":{"line":null,"column":-1}},"1":{"start":{"line":11,"column":0},"end":{"line":null,"column":-1}},"2":{"start":{"line":20,"column":0},"end":{"line":null,"column":-1}},"3":{"start":{"line":50,"column":0},"end":{"line":null,"column":-1}},"4":{"start":{"line":54,"column":0},"end":{"line":null,"column":-1}}},"fnMap":{"0":{"name":"data","decl":{"start":{"line":19,"column":0},"end":{"line":null,"column":-1}},"loc":{"start":{"line":19,"column":0},"end":{"line":47,"column":0}}},"1":{"name":"swiper","decl":{"start":{"line":49,"column":0},"end":{"line":null,"column":-1}},"loc":{"start":{"line":49,"column":0},"end":{"line":51,"column":0}}},"2":{"name":"mounted","decl":{"start":{"line":53,"column":0},"end":{"line":null,"column":-1}},"loc":{"start":{"line":53,"column":0},"end":{"line":55,"column":0}}}},"branchMap":{},"s":{"0":0,"1":0,"2":0,"3":0,"4":0},"f":{"0":0,"1":0,"2":0},"b":{}}
,"/Users/mr.luo/Desktop/PersonallyProject/NewApp/bestway/src/views/article-page.vue": {"path":"/Users/mr.luo/Desktop/PersonallyProject/NewApp/bestway/src/views/article-page.vue","statementMap":{"0":{"start":{"line":80,"column":0},"end":{"line":null,"column":-1}},"1":{"start":{"line":88,"column":0},"end":{"line":null,"column":-1}}},"fnMap":{"0":{"name":"data","decl":{"start":{"line":87,"column":0},"end":{"line":null,"column":-1}},"loc":{"start":{"line":87,"column":0},"end":{"line":92,"column":0}}}},"branchMap":{},"s":{"0":0,"1":0},"f":{"0":0},"b":{}}
,"/Users/mr.luo/Desktop/PersonallyProject/NewApp/bestway/src/views/comment.vue": {"path":"/Users/mr.luo/Desktop/PersonallyProject/NewApp/bestway/src/views/comment.vue","statementMap":{"0":{"start":{"line":13,"column":0},"end":{"line":null,"column":-1}}},"fnMap":{},"branchMap":{},"s":{"0":0},"f":{},"b":{}}
,"/Users/mr.luo/Desktop/PersonallyProject/NewApp/bestway/src/views/found.vue": {"path":"/Users/mr.luo/Desktop/PersonallyProject/NewApp/bestway/src/views/found.vue","statementMap":{"0":{"start":{"line":108,"column":0},"end":{"line":null,"column":-1}},"1":{"start":{"line":116,"column":0},"end":{"line":null,"column":-1}}},"fnMap":{"0":{"name":"data","decl":{"start":{"line":115,"column":0},"end":{"line":null,"column":-1}},"loc":{"start":{"line":115,"column":0},"end":{"line":120,"column":0}}}},"branchMap":{},"s":{"0":0,"1":0},"f":{"0":0},"b":{}}
,"/Users/mr.luo/Desktop/PersonallyProject/NewApp/bestway/src/views/home.vue": {"path":"/Users/mr.luo/Desktop/PersonallyProject/NewApp/bestway/src/views/home.vue","statementMap":{"0":{"start":{"line":75,"column":0},"end":{"line":null,"column":-1}},"1":{"start":{"line":76,"column":0},"end":{"line":null,"column":-1}},"2":{"start":{"line":77,"column":0},"end":{"line":null,"column":-1}},"3":{"start":{"line":87,"column":0},"end":{"line":null,"column":-1}}},"fnMap":{"0":{"name":"data","decl":{"start":{"line":86,"column":0},"end":{"line":null,"column":-1}},"loc":{"start":{"line":86,"column":0},"end":{"line":91,"column":0}}},"1":{"name":"created","decl":{"start":{"line":92,"column":0},"end":{"line":null,"column":-1}},"loc":{"start":{"line":92,"column":0},"end":{"line":94,"column":0}}}},"branchMap":{},"s":{"0":0,"1":0,"2":0,"3":0},"f":{"0":0,"1":0},"b":{}}
,"/Users/mr.luo/Desktop/PersonallyProject/NewApp/bestway/src/views/login.vue": {"path":"/Users/mr.luo/Desktop/PersonallyProject/NewApp/bestway/src/views/login.vue","statementMap":{"0":{"start":{"line":30,"column":0},"end":{"line":null,"column":-1}},"1":{"start":{"line":36,"column":0},"end":{"line":null,"column":-1}},"2":{"start":{"line":37,"column":0},"end":{"line":null,"column":-1}},"3":{"start":{"line":38,"column":0},"end":{"line":null,"column":-1}},"4":{"start":{"line":41,"column":0},"end":{"line":null,"column":-1}}},"fnMap":{"0":{"name":"data","decl":{"start":{"line":29,"column":0},"end":{"line":null,"column":-1}},"loc":{"start":{"line":29,"column":0},"end":{"line":33,"column":0}}},"1":{"name":"stateChange","decl":{"start":{"line":35,"column":0},"end":{"line":null,"column":-1}},"loc":{"start":{"line":35,"column":0},"end":{"line":39,"column":0}}},"2":{"name":"backChange","decl":{"start":{"line":40,"column":0},"end":{"line":null,"column":-1}},"loc":{"start":{"line":40,"column":0},"end":{"line":42,"column":0}}}},"branchMap":{},"s":{"0":0,"1":0,"2":0,"3":0,"4":0},"f":{"0":0,"1":0,"2":0},"b":{}}
,"/Users/mr.luo/Desktop/PersonallyProject/NewApp/bestway/src/views/my.vue": {"path":"/Users/mr.luo/Desktop/PersonallyProject/NewApp/bestway/src/views/my.vue","statementMap":{"0":{"start":{"line":55,"column":0},"end":{"line":null,"column":-1}},"1":{"start":{"line":63,"column":0},"end":{"line":null,"column":-1}}},"fnMap":{"0":{"name":"data","decl":{"start":{"line":62,"column":0},"end":{"line":null,"column":-1}},"loc":{"start":{"line":62,"column":0},"end":{"line":67,"column":0}}},"1":{"name":"created","decl":{"start":{"line":68,"column":0},"end":{"line":null,"column":-1}},"loc":{"start":{"line":68,"column":0},"end":{"line":70,"column":0}}}},"branchMap":{},"s":{"0":0,"1":0},"f":{"0":0,"1":0},"b":{}}
,"/Users/mr.luo/Desktop/PersonallyProject/NewApp/bestway/src/views/register.vue": {"path":"/Users/mr.luo/Desktop/PersonallyProject/NewApp/bestway/src/views/register.vue","statementMap":{"0":{"start":{"line":34,"column":0},"end":{"line":null,"column":-1}},"1":{"start":{"line":40,"column":0},"end":{"line":null,"column":-1}},"2":{"start":{"line":41,"column":0},"end":{"line":null,"column":-1}},"3":{"start":{"line":42,"column":0},"end":{"line":null,"column":-1}},"4":{"start":{"line":45,"column":0},"end":{"line":null,"column":-1}}},"fnMap":{"0":{"name":"data","decl":{"start":{"line":33,"column":0},"end":{"line":null,"column":-1}},"loc":{"start":{"line":33,"column":0},"end":{"line":37,"column":0}}},"1":{"name":"stateChange","decl":{"start":{"line":39,"column":0},"end":{"line":null,"column":-1}},"loc":{"start":{"line":39,"column":0},"end":{"line":43,"column":0}}},"2":{"name":"backChange","decl":{"start":{"line":44,"column":0},"end":{"line":null,"column":-1}},"loc":{"start":{"line":44,"column":0},"end":{"line":46,"column":0}}}},"branchMap":{},"s":{"0":0,"1":0,"2":0,"3":0,"4":0},"f":{"0":0,"1":0,"2":0},"b":{}}
,"/Users/mr.luo/Desktop/PersonallyProject/NewApp/bestway/src/views/translate.vue": {"path":"/Users/mr.luo/Desktop/PersonallyProject/NewApp/bestway/src/views/translate.vue","statementMap":{"0":{"start":{"line":8,"column":0},"end":{"line":null,"column":-1}},"1":{"start":{"line":16,"column":0},"end":{"line":null,"column":-1}}},"fnMap":{"0":{"name":"data","decl":{"start":{"line":15,"column":0},"end":{"line":null,"column":-1}},"loc":{"start":{"line":15,"column":0},"end":{"line":20,"column":0}}},"1":{"name":"created","decl":{"start":{"line":21,"column":0},"end":{"line":null,"column":-1}},"loc":{"start":{"line":21,"column":0},"end":{"line":23,"column":0}}}},"branchMap":{},"s":{"0":0,"1":0},"f":{"0":0,"1":0},"b":{}}
}
