TN:
SF:/Users/mr.luo/Desktop/PersonallyProject/NewApp/bestway/src/assets/js/rem.js
FN:1,(anonymous_0)
FN:66,refreshRem
FN:76,(anonymous_2)
FN:82,(anonymous_3)
FN:93,(anonymous_4)
FN:101,(anonymous_5)
FN:108,(anonymous_6)
FN:117,(anonymous_7)
FN:118,resetFontSize
FN:119,(anonymous_9)
FN:124,(anonymous_10)
FN:129,(anonymous_11)
FNF:12
FNH:0
FNDA:0,(anonymous_0)
FNDA:0,refreshRem
FNDA:0,(anonymous_2)
FNDA:0,(anonymous_3)
FNDA:0,(anonymous_4)
FNDA:0,(anonymous_5)
FNDA:0,(anonymous_6)
FNDA:0,(anonymous_7)
FNDA:0,resetFontSize
FNDA:0,(anonymous_9)
FNDA:0,(anonymous_10)
FNDA:0,(anonymous_11)
DA:1,0
DA:2,0
DA:3,0
DA:4,0
DA:5,0
DA:6,0
DA:7,0
DA:9,0
DA:10,0
DA:11,0
DA:12,0
DA:13,0
DA:14,0
DA:15,0
DA:18,0
DA:19,0
DA:20,0
DA:21,0
DA:22,0
DA:23,0
DA:24,0
DA:25,0
DA:27,0
DA:28,0
DA:29,0
DA:34,0
DA:35,0
DA:36,0
DA:37,0
DA:38,0
DA:39,0
DA:40,0
DA:42,0
DA:43,0
DA:45,0
DA:49,0
DA:51,0
DA:53,0
DA:54,0
DA:55,0
DA:56,0
DA:57,0
DA:58,0
DA:59,0
DA:61,0
DA:62,0
DA:63,0
DA:67,0
DA:68,0
DA:69,0
DA:71,0
DA:72,0
DA:73,0
DA:75,0
DA:77,0
DA:78,0
DA:81,0
DA:83,0
DA:84,0
DA:85,0
DA:89,0
DA:90,0
DA:92,0
DA:94,0
DA:98,0
DA:99,0
DA:100,0
DA:101,0
DA:102,0
DA:103,0
DA:104,0
DA:106,0
DA:108,0
DA:109,0
DA:110,0
DA:111,0
DA:113,0
DA:117,0
DA:119,0
DA:121,0
DA:124,0
DA:125,0
DA:128,0
DA:129,0
DA:130,0
DA:133,0
LF:86
LH:0
BRDA:9,0,0,0
BRDA:9,0,1,0
BRDA:10,1,0,0
BRDA:10,1,1,0
BRDA:13,2,0,0
BRDA:13,2,1,0
BRDA:18,3,0,0
BRDA:18,3,1,0
BRDA:20,4,0,0
BRDA:20,4,1,0
BRDA:23,5,0,0
BRDA:23,5,1,0
BRDA:27,6,0,0
BRDA:27,6,1,0
BRDA:34,7,0,0
BRDA:34,7,1,0
BRDA:34,8,0,0
BRDA:34,8,1,0
BRDA:38,9,0,0
BRDA:38,9,1,0
BRDA:39,10,0,0
BRDA:39,10,1,0
BRDA:39,11,0,0
BRDA:39,11,1,0
BRDA:39,11,2,0
BRDA:42,12,0,0
BRDA:42,12,1,0
BRDA:42,13,0,0
BRDA:42,13,1,0
BRDA:42,13,2,0
BRDA:54,14,0,0
BRDA:54,14,1,0
BRDA:58,15,0,0
BRDA:58,15,1,0
BRDA:68,16,0,0
BRDA:68,16,1,0
BRDA:83,17,0,0
BRDA:83,17,1,0
BRDA:89,18,0,0
BRDA:89,18,1,0
BRDA:103,19,0,0
BRDA:103,19,1,0
BRDA:103,20,0,0
BRDA:103,20,1,0
BRDA:110,21,0,0
BRDA:110,21,1,0
BRDA:110,22,0,0
BRDA:110,22,1,0
BRDA:115,23,0,0
BRDA:115,23,1,0
BRDA:128,24,0,0
BRDA:128,24,1,0
BRF:52
BRH:0
end_of_record
TN:
SF:/Users/mr.luo/Desktop/PersonallyProject/NewApp/bestway/src/components/art.vue
FN:38,data
FNF:1
FNH:0
FNDA:0,data
DA:39,0
LF:1
LH:0
BRF:0
BRH:0
end_of_record
TN:
SF:/Users/mr.luo/Desktop/PersonallyProject/NewApp/bestway/src/components/footer-nav.vue
FN:22,data
FNF:1
FNH:0
FNDA:0,data
DA:23,0
LF:1
LH:0
BRF:0
BRH:0
end_of_record
TN:
SF:/Users/mr.luo/Desktop/PersonallyProject/NewApp/bestway/src/components/loop.vue
FN:19,data
FN:49,swiper
FN:53,mounted
FNF:3
FNH:0
FNDA:0,data
FNDA:0,swiper
FNDA:0,mounted
DA:10,0
DA:11,0
DA:20,0
DA:50,0
DA:54,0
LF:5
LH:0
BRF:0
BRH:0
end_of_record
TN:
SF:/Users/mr.luo/Desktop/PersonallyProject/NewApp/bestway/src/views/article-page.vue
FN:87,data
FNF:1
FNH:0
FNDA:0,data
DA:80,0
DA:88,0
LF:2
LH:0
BRF:0
BRH:0
end_of_record
TN:
SF:/Users/mr.luo/Desktop/PersonallyProject/NewApp/bestway/src/views/comment.vue
FNF:0
FNH:0
DA:13,0
LF:1
LH:0
BRF:0
BRH:0
end_of_record
TN:
SF:/Users/mr.luo/Desktop/PersonallyProject/NewApp/bestway/src/views/found.vue
FN:115,data
FNF:1
FNH:0
FNDA:0,data
DA:108,0
DA:116,0
LF:2
LH:0
BRF:0
BRH:0
end_of_record
TN:
SF:/Users/mr.luo/Desktop/PersonallyProject/NewApp/bestway/src/views/home.vue
FN:86,data
FN:92,created
FNF:2
FNH:0
FNDA:0,data
FNDA:0,created
DA:75,0
DA:76,0
DA:77,0
DA:87,0
LF:4
LH:0
BRF:0
BRH:0
end_of_record
TN:
SF:/Users/mr.luo/Desktop/PersonallyProject/NewApp/bestway/src/views/login.vue
FN:29,data
FN:35,stateChange
FN:40,backChange
FNF:3
FNH:0
FNDA:0,data
FNDA:0,stateChange
FNDA:0,backChange
DA:30,0
DA:36,0
DA:37,0
DA:38,0
DA:41,0
LF:5
LH:0
BRF:0
BRH:0
end_of_record
TN:
SF:/Users/mr.luo/Desktop/PersonallyProject/NewApp/bestway/src/views/my.vue
FN:62,data
FN:68,created
FNF:2
FNH:0
FNDA:0,data
FNDA:0,created
DA:55,0
DA:63,0
LF:2
LH:0
BRF:0
BRH:0
end_of_record
TN:
SF:/Users/mr.luo/Desktop/PersonallyProject/NewApp/bestway/src/views/register.vue
FN:33,data
FN:39,stateChange
FN:44,backChange
FNF:3
FNH:0
FNDA:0,data
FNDA:0,stateChange
FNDA:0,backChange
DA:34,0
DA:40,0
DA:41,0
DA:42,0
DA:45,0
LF:5
LH:0
BRF:0
BRH:0
end_of_record
TN:
SF:/Users/mr.luo/Desktop/PersonallyProject/NewApp/bestway/src/views/translate.vue
FN:15,data
FN:21,created
FNF:2
FNH:0
FNDA:0,data
FNDA:0,created
DA:8,0
DA:16,0
LF:2
LH:0
BRF:0
BRH:0
end_of_record
